<?xml version="1.0" encoding="UTF-8"?>
<!-- Generated by org.testng.reporters.JUnitXMLReporter -->
<testsuite hostname="BINDU" ignored="1" name="Default test" tests="4" failures="0" timestamp="02 Sep 2018 10:01:24 GMT" time="23.585" errors="0">
  <testcase name="verify_launch" time="13.296" classname="com.ranford.functionalities.TestExecution"/>
  <testcase name="verify_login" time="3.541" classname="com.ranford.functionalities.TestExecution"/>
  <testcase name="CreateNewBranch" time="4.905" classname="com.ranford.functionalities.TestExecution"/>
  <testcase name="verify_logout" time="1.511" classname="com.ranford.functionalities.TestExecution"/>
  <testcase name="verifyCreateNewBranch" time="0.0" classname="com.ranford.functionalities.TestExecution">
    <ignored/>
  </testcase> <!-- verifyCreateNewBranch -->
</testsuite> <!-- Default test -->
